[0m[[0m[0mdebug[0m] [0m[0m> Exec(test, Some(085bb724-c16c-4780-93d0-8cc1175b2708), Some(CommandSource(console0)))[0m
[0m[[0m[0mdebug[0m] [0m[0mEvaluating tasks: Test / test[0m
[0m[[0m[0mdebug[0m] [0m[0mRunning task... Cancel: Signal, check cycles: false, forcegc: true[0m
[0m[[0m[0minfo[0m] [0m[0mcompiling 6 Scala sources to /home/lean13/paradigmas/tp2/TP2junqtional/target/scala-3.3.4/classes ...[0m
[0m[[0m[0minfo[0m] [0m[0mcompiling 1 Scala source to /home/lean13/paradigmas/tp2/TP2junqtional/target/scala-3.3.4/test-classes ...[0m
[0m[[0m[0minfo[0m] [0m[0m[32mJsonProcessorTest:[0m[0m
[0m[[0m[0minfo[0m] [0m[0m[32m- addKey should add a new key-value pair at the specified path[0m[0m
[0m[[0m[0minfo[0m] [0m[0m[32m- addItem should add a new item to the specified array path[0m[0m
[0m[[0m[0minfo[0m] [0m[0m[32m- edit should update the value at the specified path[0m[0m
[0m[[0m[0minfo[0m] [0m[0m[32m- get should return the value at the specified path[0m[0m
[0m[[0m[0minfo[0m] [0m[0m[32m- existsKey should return true if the key exists in the root[0m[0m
[0m[[0m[0minfo[0m] [0m[0m[32m- existsKey should return false if the key does not exist in the root[0m[0m
[0m[[0m[0minfo[0m] [0m[0m[36mRun completed in 222 milliseconds.[0m[0m
[0m[[0m[0minfo[0m] [0m[0m[36mTotal number of tests run: 6[0m[0m
[0m[[0m[0minfo[0m] [0m[0m[36mSuites: completed 1, aborted 0[0m[0m
[0m[[0m[0minfo[0m] [0m[0m[36mTests: succeeded 6, failed 0, canceled 0, ignored 0, pending 0[0m[0m
[0m[[0m[0minfo[0m] [0m[0m[32mAll tests passed.[0m[0m
[0m[[0m[32msuccess[0m] [0m[0mTotal time: 5 s, completed 27 oct 2024 20:12:53[0m
[0m[[0m[0mdebug[0m] [0m[0m> Exec(shell, None, None)[0m
[0m[[0m[0mdebug[0m] [0m[0mForcing garbage collection...[0m
